2022-03-29 10:46:21.850 [main] INFO 
                com.yuezhik.eduservice.EduApplication - Starting EduApplication using Java 14.0.2 on DESKTOP-OVQUJGO with PID 5828 (D:\Code\JavaCode\guli_parent\service\service_edu\target\classes started by 86177 in D:\Code\JavaCode\guli_parent)
2022-03-29 10:46:21.852 [main] INFO 
                com.yuezhik.eduservice.EduApplication - The following 1 profile is active: "dev"
2022-03-29 10:46:22.504 [main] INFO 
                o.s.d.r.config.RepositoryConfigurationDelegate - Multiple Spring Data modules found, entering strict repository configuration mode!
2022-03-29 10:46:22.506 [main] INFO 
                o.s.d.r.config.RepositoryConfigurationDelegate - Bootstrapping Spring Data Redis repositories in DEFAULT mode.
2022-03-29 10:46:22.522 [main] INFO 
                o.s.d.r.config.RepositoryConfigurationDelegate - Finished Spring Data repository scanning in 6 ms. Found 0 Redis repository interfaces.
2022-03-29 10:46:22.902 [main] INFO 
                o.s.boot.web.embedded.tomcat.TomcatWebServer - Tomcat initialized with port(s): 8001 (http)
2022-03-29 10:46:22.903 [main] INFO 
                org.apache.catalina.core.AprLifecycleListener - Loaded Apache Tomcat Native library [1.2.31] using APR version [1.7.0].
2022-03-29 10:46:22.903 [main] INFO 
                org.apache.catalina.core.AprLifecycleListener - APR capabilities: IPv6 [true], sendfile [true], accept filters [false], random [true], UDS [true].
2022-03-29 10:46:22.903 [main] INFO 
                org.apache.catalina.core.AprLifecycleListener - APR/OpenSSL configuration: useAprConnector [false], useOpenSSL [true]
2022-03-29 10:46:22.906 [main] INFO 
                org.apache.catalina.core.AprLifecycleListener - OpenSSL successfully initialized [OpenSSL 1.1.1l  24 Aug 2021]
2022-03-29 10:46:22.912 [main] INFO 
                org.apache.coyote.http11.Http11NioProtocol - Initializing ProtocolHandler ["http-nio-8001"]
2022-03-29 10:46:22.913 [main] INFO 
                org.apache.catalina.core.StandardService - Starting service [Tomcat]
2022-03-29 10:46:22.913 [main] INFO 
                org.apache.catalina.core.StandardEngine - Starting Servlet engine: [Apache Tomcat/9.0.60]
2022-03-29 10:46:23.002 [main] INFO 
                o.a.c.core.ContainerBase.[Tomcat].[localhost].[/] - Initializing Spring embedded WebApplicationContext
2022-03-29 10:46:23.002 [main] INFO 
                o.s.b.w.s.c.ServletWebServerApplicationContext - Root WebApplicationContext: initialization completed in 1111 ms
2022-03-29 10:46:23.122 [main] INFO 
                com.zaxxer.hikari.HikariDataSource - HikariPool-1 - Starting...
2022-03-29 10:46:23.321 [main] INFO 
                com.zaxxer.hikari.HikariDataSource - HikariPool-1 - Start completed.
2022-03-29 10:46:23.631 [main] INFO 
                s.d.s.w.PropertySourcedRequestMappingHandlerMapping - Mapped URL path [/v2/api-docs] onto method [springfox.documentation.swagger2.web.Swagger2Controller#getDocumentation(String, HttpServletRequest)]
2022-03-29 10:46:24.025 [main] INFO 
                org.apache.coyote.http11.Http11NioProtocol - Starting ProtocolHandler ["http-nio-8001"]
2022-03-29 10:46:24.054 [main] INFO 
                o.s.boot.web.embedded.tomcat.TomcatWebServer - Tomcat started on port(s): 8001 (http) with context path ''
2022-03-29 10:46:24.055 [main] INFO 
                s.d.s.web.plugins.DocumentationPluginsBootstrapper - Context refreshed
2022-03-29 10:46:24.063 [main] INFO 
                s.d.s.web.plugins.DocumentationPluginsBootstrapper - Found 1 custom documentation plugin(s)
2022-03-29 10:46:24.085 [main] INFO 
                s.d.spring.web.scanners.ApiListingReferenceScanner - Scanning for api listing references
2022-03-29 10:46:24.196 [main] INFO 
                com.yuezhik.eduservice.EduApplication - Started EduApplication in 2.843 seconds (JVM running for 3.444)
2022-03-29 10:48:47.520 [SpringApplicationShutdownHook] INFO 
                com.zaxxer.hikari.HikariDataSource - HikariPool-1 - Shutdown initiated...
2022-03-29 10:48:47.528 [SpringApplicationShutdownHook] INFO 
                com.zaxxer.hikari.HikariDataSource - HikariPool-1 - Shutdown completed.
