2022-03-29 10:48:53.097 [main] INFO 
                com.yuezhik.eduservice.EduApplication - Starting EduApplication using Java 14.0.2 on DESKTOP-OVQUJGO with PID 2544 (D:\Code\JavaCode\guli_parent\service\service_edu\target\classes started by 86177 in D:\Code\JavaCode\guli_parent)
2022-03-29 10:48:53.099 [main] INFO 
                com.yuezhik.eduservice.EduApplication - The following 1 profile is active: "dev"
2022-03-29 10:48:53.726 [main] INFO 
                o.s.d.r.config.RepositoryConfigurationDelegate - Multiple Spring Data modules found, entering strict repository configuration mode!
2022-03-29 10:48:53.728 [main] INFO 
                o.s.d.r.config.RepositoryConfigurationDelegate - Bootstrapping Spring Data Redis repositories in DEFAULT mode.
2022-03-29 10:48:53.743 [main] INFO 
                o.s.d.r.config.RepositoryConfigurationDelegate - Finished Spring Data repository scanning in 5 ms. Found 0 Redis repository interfaces.
2022-03-29 10:48:54.121 [main] INFO 
                o.s.boot.web.embedded.tomcat.TomcatWebServer - Tomcat initialized with port(s): 8001 (http)
2022-03-29 10:48:54.122 [main] INFO 
                org.apache.catalina.core.AprLifecycleListener - Loaded Apache Tomcat Native library [1.2.31] using APR version [1.7.0].
2022-03-29 10:48:54.123 [main] INFO 
                org.apache.catalina.core.AprLifecycleListener - APR capabilities: IPv6 [true], sendfile [true], accept filters [false], random [true], UDS [true].
2022-03-29 10:48:54.123 [main] INFO 
                org.apache.catalina.core.AprLifecycleListener - APR/OpenSSL configuration: useAprConnector [false], useOpenSSL [true]
2022-03-29 10:48:54.127 [main] INFO 
                org.apache.catalina.core.AprLifecycleListener - OpenSSL successfully initialized [OpenSSL 1.1.1l  24 Aug 2021]
2022-03-29 10:48:54.134 [main] INFO 
                org.apache.coyote.http11.Http11NioProtocol - Initializing ProtocolHandler ["http-nio-8001"]
2022-03-29 10:48:54.135 [main] INFO 
                org.apache.catalina.core.StandardService - Starting service [Tomcat]
2022-03-29 10:48:54.135 [main] INFO 
                org.apache.catalina.core.StandardEngine - Starting Servlet engine: [Apache Tomcat/9.0.60]
2022-03-29 10:48:54.247 [main] INFO 
                o.a.c.core.ContainerBase.[Tomcat].[localhost].[/] - Initializing Spring embedded WebApplicationContext
2022-03-29 10:48:54.248 [main] INFO 
                o.s.b.w.s.c.ServletWebServerApplicationContext - Root WebApplicationContext: initialization completed in 1115 ms
2022-03-29 10:48:54.411 [main] INFO 
                com.zaxxer.hikari.HikariDataSource - HikariPool-1 - Starting...
2022-03-29 10:48:54.658 [main] INFO 
                com.zaxxer.hikari.HikariDataSource - HikariPool-1 - Start completed.
2022-03-29 10:48:55.036 [main] INFO 
                s.d.s.w.PropertySourcedRequestMappingHandlerMapping - Mapped URL path [/v2/api-docs] onto method [springfox.documentation.swagger2.web.Swagger2Controller#getDocumentation(String, HttpServletRequest)]
2022-03-29 10:48:55.467 [main] INFO 
                org.apache.coyote.http11.Http11NioProtocol - Starting ProtocolHandler ["http-nio-8001"]
2022-03-29 10:48:55.497 [main] INFO 
                o.s.boot.web.embedded.tomcat.TomcatWebServer - Tomcat started on port(s): 8001 (http) with context path ''
2022-03-29 10:48:55.498 [main] INFO 
                s.d.s.web.plugins.DocumentationPluginsBootstrapper - Context refreshed
2022-03-29 10:48:55.506 [main] INFO 
                s.d.s.web.plugins.DocumentationPluginsBootstrapper - Found 1 custom documentation plugin(s)
2022-03-29 10:48:55.531 [main] INFO 
                s.d.spring.web.scanners.ApiListingReferenceScanner - Scanning for api listing references
2022-03-29 10:48:55.678 [main] INFO 
                com.yuezhik.eduservice.EduApplication - Started EduApplication in 3.039 seconds (JVM running for 3.679)
2022-03-29 10:51:12.055 [SpringApplicationShutdownHook] INFO 
                com.zaxxer.hikari.HikariDataSource - HikariPool-1 - Shutdown initiated...
2022-03-29 10:51:12.063 [SpringApplicationShutdownHook] INFO 
                com.zaxxer.hikari.HikariDataSource - HikariPool-1 - Shutdown completed.
